<?xml version="1.0" encoding="UTF-8"?>
<!-- Generated by org.testng.reporters.JUnitXMLReporter -->
<testsuite ignored="0" hostname="DESKTOP-JDQLD7V" failures="0" tests="3" name="Default test" time="166.186" errors="0" timestamp="2025-04-28T18:25:22 IST">
  <testcase classname="TestClass.Headerslinksfeature" name="VerifyHeadersLinks" time="20.404">
    <skipped/>
  </testcase> <!-- VerifyHeadersLinks -->
  <testcase classname="TestClass.Headerslinksfeature" name="VerifyHeadersLinks" time="12.498">
    <skipped/>
  </testcase> <!-- VerifyHeadersLinks -->
  <testcase classname="TestClass.Headerslinksfeature" name="VerifyHeadersLinks" time="122.406"/>
</testsuite> <!-- Default test -->
