<?xml version="1.0" encoding="UTF-8"?>
<testng-results ignored="0" total="1" passed="1" failed="0" skipped="0">
  <reporter-output>
  </reporter-output>
  <suite started-at="2025-04-25T17:30:45 IST" name="Default suite" finished-at="2025-04-25T17:31:48 IST" duration-ms="63246">
    <groups>
    </groups>
    <test started-at="2025-04-25T17:30:45 IST" name="Default test" finished-at="2025-04-25T17:31:48 IST" duration-ms="63246">
      <class name="TestClass.ActListAmendmentTimeline">
        <test-method is-config="true" signature="launchBrowser()[pri:0, instance:TestClass.ActListAmendmentTimeline@376a0d86]" started-at="2025-04-25T17:30:45 IST" name="launchBrowser" finished-at="2025-04-25T17:30:52 IST" duration-ms="6854" status="PASS">
          <reporter-output>
          </reporter-output>
        </test-method> <!-- launchBrowser -->
        <test-method signature="Actlistverify()[pri:0, instance:TestClass.ActListAmendmentTimeline@376a0d86]" started-at="2025-04-25T17:30:52 IST" name="Actlistverify" finished-at="2025-04-25T17:31:48 IST" duration-ms="55394" status="PASS">
          <reporter-output>
          </reporter-output>
        </test-method> <!-- Actlistverify -->
        <test-method is-config="true" signature="finish(org.testng.ITestResult)[pri:0, instance:TestClass.ActListAmendmentTimeline@376a0d86]" started-at="2025-04-25T17:31:48 IST" name="finish" finished-at="2025-04-25T17:31:48 IST" duration-ms="4" status="PASS">
          <params>
            <param index="0">
              <value>
                <![CDATA[[TestResult name=Actlistverify status=SUCCESS method=ActListAmendmentTimeline.Actlistverify()[pri:0, instance:TestClass.ActListAmendmentTimeline@376a0d86] output={null}]]]>
              </value>
            </param>
          </params>
          <reporter-output>
          </reporter-output>
        </test-method> <!-- finish -->
        <test-method is-config="true" signature="closeBrowser()[pri:0, instance:TestClass.ActListAmendmentTimeline@376a0d86]" started-at="2025-04-25T17:31:48 IST" name="closeBrowser" finished-at="2025-04-25T17:31:48 IST" duration-ms="486" status="PASS">
          <reporter-output>
          </reporter-output>
        </test-method> <!-- closeBrowser -->
      </class> <!-- TestClass.ActListAmendmentTimeline -->
    </test> <!-- Default test -->
  </suite> <!-- Default suite -->
</testng-results>
