<?xml version="1.0" encoding="UTF-8"?>
<testng-results ignored="0" total="1" passed="1" failed="0" skipped="0">
  <reporter-output>
  </reporter-output>
  <suite started-at="2025-04-16T18:10:41 IST" name="Default suite" finished-at="2025-04-16T18:11:41 IST" duration-ms="60902">
    <groups>
    </groups>
    <test started-at="2025-04-16T18:10:41 IST" name="Default test" finished-at="2025-04-16T18:11:41 IST" duration-ms="60902">
      <class name="TestClass.Filterbybench">
        <test-method is-config="true" signature="launchBrowser()[pri:0, instance:TestClass.Filterbybench@376a0d86]" started-at="2025-04-16T18:10:41 IST" name="launchBrowser" finished-at="2025-04-16T18:10:48 IST" duration-ms="7125" status="PASS">
          <reporter-output>
          </reporter-output>
        </test-method> <!-- launchBrowser -->
        <test-method signature="verifyfilter()[pri:0, instance:TestClass.Filterbybench@376a0d86]" started-at="2025-04-16T18:10:48 IST" name="verifyfilter" finished-at="2025-04-16T18:11:41 IST" duration-ms="52974" status="PASS">
          <reporter-output>
          </reporter-output>
        </test-method> <!-- verifyfilter -->
        <test-method is-config="true" signature="finish(org.testng.ITestResult)[pri:0, instance:TestClass.Filterbybench@376a0d86]" started-at="2025-04-16T18:11:41 IST" name="finish" finished-at="2025-04-16T18:11:41 IST" duration-ms="3" status="PASS">
          <params>
            <param index="0">
              <value>
                <![CDATA[[TestResult name=verifyfilter status=SUCCESS method=Filterbybench.verifyfilter()[pri:0, instance:TestClass.Filterbybench@376a0d86] output={null}]]]>
              </value>
            </param>
          </params>
          <reporter-output>
          </reporter-output>
        </test-method> <!-- finish -->
        <test-method is-config="true" signature="closeBrowser()[pri:0, instance:TestClass.Filterbybench@376a0d86]" started-at="2025-04-16T18:11:41 IST" name="closeBrowser" finished-at="2025-04-16T18:11:41 IST" duration-ms="435" status="PASS">
          <reporter-output>
          </reporter-output>
        </test-method> <!-- closeBrowser -->
      </class> <!-- TestClass.Filterbybench -->
    </test> <!-- Default test -->
  </suite> <!-- Default suite -->
</testng-results>
